2002.08.02 19:11 B D:\web\java\IMAGES\ejb-three-tier.gif --> ftp.spiritone.com /public_html/java/images ejb-three-tier.gif
2002.08.02 19:11 B D:\web\java\IMAGES\ejb-two-tier.gif --> ftp.spiritone.com /public_html/java/images ejb-two-tier.gif
2002.08.02 19:11 B D:\web\java\IMAGES\filter-streams.gif --> ftp.spiritone.com /public_html/java/images filter-streams.gif
2002.08.02 19:11 B D:\web\java\IMAGES\io-exceptions.gif --> ftp.spiritone.com /public_html/java/images io-exceptions.gif
2002.08.02 19:11 B D:\web\java\IMAGES\iterator-position.gif --> ftp.spiritone.com /public_html/java/images iterator-position.gif
2002.08.02 19:11 B D:\web\java\IMAGES\JAVA-IO.GIF --> ftp.spiritone.com /public_html/java/images JAVA-IO.GIF
2002.08.02 19:11 B D:\web\java\IMAGES\java-security.gif --> ftp.spiritone.com /public_html/java/images java-security.gif
2002.08.02 19:11 B D:\web\java\IMAGES\java-util-collection.gif --> ftp.spiritone.com /public_html/java/images java-util-collection.gif
2002.08.02 19:11 B D:\web\java\IMAGES\java-util-hashmap-treemap.gif --> ftp.spiritone.com /public_html/java/images java-util-hashmap-treemap.gif
2002.08.02 19:11 B D:\web\java\IMAGES\java-util-iterator.gif --> ftp.spiritone.com /public_html/java/images java-util-iterator.gif
2002.08.02 19:11 B D:\web\java\IMAGES\java-util-list-set.gif --> ftp.spiritone.com /public_html/java/images java-util-list-set.gif
2002.08.02 19:11 B D:\web\java\IMAGES\java-util-map.gif --> ftp.spiritone.com /public_html/java/images java-util-map.gif
2002.08.02 19:12 B D:\web\java\IMAGES\keytool-import.gif --> ftp.spiritone.com /public_html/java/images keytool-import.gif
2002.08.02 19:12 B D:\web\java\IMAGES\keytool-list.gif --> ftp.spiritone.com /public_html/java/images keytool-list.gif
2002.08.02 19:12 B D:\web\java\IMAGES\keytool-printcert.gif --> ftp.spiritone.com /public_html/java/images keytool-printcert.gif
2002.08.02 19:12 B D:\web\java\IMAGES\policytool-editpermission.gif --> ftp.spiritone.com /public_html/java/images policytool-editpermission.gif
2002.08.02 19:12 B D:\web\java\IMAGES\policytool-overview.gif --> ftp.spiritone.com /public_html/java/images policytool-overview.gif
2002.08.02 19:12 B D:\web\java\IMAGES\policytool-permissionentry.gif --> ftp.spiritone.com /public_html/java/images policytool-permissionentry.gif
2002.08.02 19:12 B D:\web\java\IMAGES\policytool-policyentry.gif --> ftp.spiritone.com /public_html/java/images policytool-policyentry.gif
2002.08.02 19:12 B D:\web\java\IMAGES\reader-writer.gif --> ftp.spiritone.com /public_html/java/images reader-writer.gif
2002.08.02 19:12 B D:\web\java\IMAGES\rmi-deployment.gif --> ftp.spiritone.com /public_html/java/images rmi-deployment.gif
2002.08.02 19:12 B D:\web\java\IMAGES\rmi-lookup.gif --> ftp.spiritone.com /public_html/java/images rmi-lookup.gif
2002.08.02 19:12 B D:\web\java\IMAGES\RMI-overview.gif --> ftp.spiritone.com /public_html/java/images RMI-overview.gif
2002.08.02 19:12 B D:\web\java\IMAGES\servlet-classes.gif --> ftp.spiritone.com /public_html/java/images servlet-classes.gif
2002.08.02 19:12 B D:\web\java\IMAGES\servlet-http-get.gif --> ftp.spiritone.com /public_html/java/images servlet-http-get.gif
2002.08.02 19:13 B D:\web\java\IMAGES\servlet-http-post.gif --> ftp.spiritone.com /public_html/java/images servlet-http-post.gif
2002.08.02 19:13 B D:\web\java\IMAGES\servlet-lifecycle.gif --> ftp.spiritone.com /public_html/java/images servlet-lifecycle.gif
2002.08.02 19:16 B D:\web\java\IMAGES\datainputstream.gif --> ftp.spiritone.com /public_html/java/images datainputstream.gif
