2000.03.08 10:07 B E:\myweb\java\classes\com\spiritone\gus\component\FileTreeDialog$1.class --> spiritone.com /public_html/java/classes/com/spiritone/gus/component FileTreeDialog$1.class
2000.03.08 10:07 B E:\myweb\java\classes\com\spiritone\gus\component\FileTreeDialog.class --> spiritone.com /public_html/java/classes/com/spiritone/gus/component FileTreeDialog.class
2000.03.08 10:07 B E:\myweb\java\classes\com\spiritone\gus\component\FileTreeDialog_jButton1_actionAdapter.class --> spiritone.com /public_html/java/classes/com/spiritone/gus/component FileTreeDialog_jButton1_actionAdapter.class
2000.03.08 10:07 B E:\myweb\java\classes\com\spiritone\gus\component\FileTreeDialog_jButton2_actionAdapter.class --> spiritone.com /public_html/java/classes/com/spiritone/gus/component FileTreeDialog_jButton2_actionAdapter.class
2000.03.08 10:07 B E:\myweb\java\classes\com\spiritone\gus\component\FileTreeDialog_jComboBox1_itemAdapter.class --> spiritone.com /public_html/java/classes/com/spiritone/gus/component FileTreeDialog_jComboBox1_itemAdapter.class
2000.03.08 10:07 B E:\myweb\java\classes\com\spiritone\gus\component\FileTreeModel.class --> spiritone.com /public_html/java/classes/com/spiritone/gus/component FileTreeModel.class
2000.03.08 10:07 B E:\myweb\java\classes\com\spiritone\gus\component\FileTreeNode.class --> spiritone.com /public_html/java/classes/com/spiritone/gus/component FileTreeNode.class
2000.03.29 19:19 B E:\myweb\java\classes\com\spiritone\gus\component\FileTreeDialog$1.class --> spiritone.com /public_html/java/classes/com/spiritone/gus/component FileTreeDialog$1.class
2000.03.29 19:19 B E:\myweb\java\classes\com\spiritone\gus\component\FileTreeDialog$JTextField1_documentListener.class --> spiritone.com /public_html/java/classes/com/spiritone/gus/component FileTreeDialog$JTextField1_documentListener.class
2000.03.29 19:19 B E:\myweb\java\classes\com\spiritone\gus\component\FileTreeDialog$jTree1_TreeSelectionListener.class --> spiritone.com /public_html/java/classes/com/spiritone/gus/component FileTreeDialog$jTree1_TreeSelectionListener.class
2000.03.29 19:19 B E:\myweb\java\classes\com\spiritone\gus\component\FileTreeDialog.class --> spiritone.com /public_html/java/classes/com/spiritone/gus/component FileTreeDialog.class
2000.03.29 19:19 B E:\myweb\java\classes\com\spiritone\gus\component\FileTreeDialog.jar --> spiritone.com /public_html/java/classes/com/spiritone/gus/component FileTreeDialog.jar
2000.03.29 19:19 B E:\myweb\java\classes\com\spiritone\gus\component\FileTreeDialog_jButton1_actionAdapter.class --> spiritone.com /public_html/java/classes/com/spiritone/gus/component FileTreeDialog_jButton1_actionAdapter.class
2000.03.29 19:19 B E:\myweb\java\classes\com\spiritone\gus\component\FileTreeDialog_jButton2_actionAdapter.class --> spiritone.com /public_html/java/classes/com/spiritone/gus/component FileTreeDialog_jButton2_actionAdapter.class
2000.03.29 19:19 B E:\myweb\java\classes\com\spiritone\gus\component\FileTreeDialog_jButton3_actionAdapter.class --> spiritone.com /public_html/java/classes/com/spiritone/gus/component FileTreeDialog_jButton3_actionAdapter.class
2000.03.29 19:19 B E:\myweb\java\classes\com\spiritone\gus\component\FileTreeDialog_jComboBox1_itemAdapter.class --> spiritone.com /public_html/java/classes/com/spiritone/gus/component FileTreeDialog_jComboBox1_itemAdapter.class
2000.03.29 19:19 B E:\myweb\java\classes\com\spiritone\gus\component\FileTreeDialog_jComboBox2_itemAdapter.class --> spiritone.com /public_html/java/classes/com/spiritone/gus/component FileTreeDialog_jComboBox2_itemAdapter.class
2000.03.29 19:19 B E:\myweb\java\classes\com\spiritone\gus\component\FileTreeDialog_jTextField1_actionAdapter.class --> spiritone.com /public_html/java/classes/com/spiritone/gus/component FileTreeDialog_jTextField1_actionAdapter.class
2000.03.29 19:19 B E:\myweb\java\classes\com\spiritone\gus\component\FileTreeModel.class --> spiritone.com /public_html/java/classes/com/spiritone/gus/component FileTreeModel.class
2000.03.29 19:19 B E:\myweb\java\classes\com\spiritone\gus\component\FileTreeNode.class --> spiritone.com /public_html/java/classes/com/spiritone/gus/component FileTreeNode.class
