2002.08.02 19:03 B D:\web\java\advanced_collection1.html --> ftp.spiritone.com /public_html/java advanced_collection1.html
2002.08.02 19:03 B D:\web\java\advanced_collection2.html --> ftp.spiritone.com /public_html/java advanced_collection2.html
2002.08.02 19:03 B D:\web\java\advanced_EJB1.html --> ftp.spiritone.com /public_html/java advanced_EJB1.html
2002.08.02 19:03 B D:\web\java\advanced_filters.html --> ftp.spiritone.com /public_html/java advanced_filters.html
2002.08.02 19:03 B D:\web\java\advanced_jarsigner.html --> ftp.spiritone.com /public_html/java advanced_jarsigner.html
2002.08.02 19:03 B D:\web\java\advanced_keytool1.html --> ftp.spiritone.com /public_html/java advanced_keytool1.html
2002.08.02 19:03 B D:\web\java\advanced_permissions1.html --> ftp.spiritone.com /public_html/java advanced_permissions1.html
2002.08.02 19:03 B D:\web\java\advanced_policy1.html --> ftp.spiritone.com /public_html/java advanced_policy1.html
2002.08.02 19:03 B D:\web\java\advanced_policy2.html --> ftp.spiritone.com /public_html/java advanced_policy2.html
2002.08.02 19:03 B D:\web\java\advanced_readers.html --> ftp.spiritone.com /public_html/java advanced_readers.html
2002.08.02 19:03 B D:\web\java\advanced_rmi1.html --> ftp.spiritone.com /public_html/java advanced_rmi1.html
2002.08.02 19:03 B D:\web\java\advanced_rmi2.html --> ftp.spiritone.com /public_html/java advanced_rmi2.html
2002.08.02 19:03 B D:\web\java\advanced_rmi3.html --> ftp.spiritone.com /public_html/java advanced_rmi3.html
2002.08.02 19:03 B D:\web\java\advanced_security1.html --> ftp.spiritone.com /public_html/java advanced_security1.html
2002.08.02 19:03 B D:\web\java\advanced_serializable.html --> ftp.spiritone.com /public_html/java advanced_serializable.html
2002.08.02 19:03 B D:\web\java\advanced_servlets1.html --> ftp.spiritone.com /public_html/java advanced_servlets1.html
2002.08.02 19:03 B D:\web\java\advanced_servlets2.html --> ftp.spiritone.com /public_html/java advanced_servlets2.html
2002.08.02 19:03 B D:\web\java\advanced_servlets3.html --> ftp.spiritone.com /public_html/java advanced_servlets3.html
2002.08.02 19:03 B D:\web\java\advanced_streams.html --> ftp.spiritone.com /public_html/java advanced_streams.html
2002.08.02 19:03 B D:\web\java\advanced_streamtokenizer.html --> ftp.spiritone.com /public_html/java advanced_streamtokenizer.html
2002.08.02 19:03 B D:\web\java\advanced_threads1.html --> ftp.spiritone.com /public_html/java advanced_threads1.html
2002.08.02 19:03 B D:\web\java\advanced_threads2.html --> ftp.spiritone.com /public_html/java advanced_threads2.html
2002.08.02 19:03 B D:\web\java\advanced_threads3.html --> ftp.spiritone.com /public_html/java advanced_threads3.html
2002.08.02 19:03 B D:\web\java\advanced_threads4.html --> ftp.spiritone.com /public_html/java advanced_threads4.html
2002.08.02 19:04 B D:\web\java\advanced_threads5.html --> ftp.spiritone.com /public_html/java advanced_threads5.html
2002.08.02 19:04 B D:\web\java\advanced_threads6.html --> ftp.spiritone.com /public_html/java advanced_threads6.html
2002.08.02 19:04 B D:\web\java\advanced_trustedapplet.html --> ftp.spiritone.com /public_html/java advanced_trustedapplet.html
2002.08.02 19:04 A D:\web\java\advanced_collection1.html --> ftp.spiritone.com /public_html/java advanced_collection1.html
2002.08.02 19:04 A D:\web\java\advanced_collection2.html --> ftp.spiritone.com /public_html/java advanced_collection2.html
2002.08.02 19:04 A D:\web\java\advanced_EJB1.html --> ftp.spiritone.com /public_html/java advanced_EJB1.html
2002.08.02 19:04 A D:\web\java\advanced_filters.html --> ftp.spiritone.com /public_html/java advanced_filters.html
2002.08.02 19:04 A D:\web\java\advanced_jarsigner.html --> ftp.spiritone.com /public_html/java advanced_jarsigner.html
2002.08.02 19:04 A D:\web\java\advanced_keytool1.html --> ftp.spiritone.com /public_html/java advanced_keytool1.html
2002.08.02 19:04 A D:\web\java\advanced_permissions1.html --> ftp.spiritone.com /public_html/java advanced_permissions1.html
2002.08.02 19:04 A D:\web\java\advanced_policy1.html --> ftp.spiritone.com /public_html/java advanced_policy1.html
2002.08.02 19:04 A D:\web\java\advanced_policy2.html --> ftp.spiritone.com /public_html/java advanced_policy2.html
2002.08.02 19:04 A D:\web\java\advanced_readers.html --> ftp.spiritone.com /public_html/java advanced_readers.html
2002.08.02 19:04 A D:\web\java\advanced_rmi1.html --> ftp.spiritone.com /public_html/java advanced_rmi1.html
2002.08.02 19:04 A D:\web\java\advanced_rmi2.html --> ftp.spiritone.com /public_html/java advanced_rmi2.html
2002.08.02 19:04 A D:\web\java\advanced_rmi3.html --> ftp.spiritone.com /public_html/java advanced_rmi3.html
2002.08.02 19:04 A D:\web\java\advanced_security1.html --> ftp.spiritone.com /public_html/java advanced_security1.html
2002.08.02 19:04 A D:\web\java\advanced_serializable.html --> ftp.spiritone.com /public_html/java advanced_serializable.html
2002.08.02 19:04 A D:\web\java\advanced_servlets1.html --> ftp.spiritone.com /public_html/java advanced_servlets1.html
2002.08.02 19:04 A D:\web\java\advanced_servlets2.html --> ftp.spiritone.com /public_html/java advanced_servlets2.html
2002.08.02 19:04 A D:\web\java\advanced_servlets3.html --> ftp.spiritone.com /public_html/java advanced_servlets3.html
2002.08.02 19:04 A D:\web\java\advanced_streams.html --> ftp.spiritone.com /public_html/java advanced_streams.html
2002.08.02 19:05 A D:\web\java\advanced_streamtokenizer.html --> ftp.spiritone.com /public_html/java advanced_streamtokenizer.html
2002.08.02 19:05 A D:\web\java\advanced_threads1.html --> ftp.spiritone.com /public_html/java advanced_threads1.html
2002.08.02 19:05 A D:\web\java\advanced_threads2.html --> ftp.spiritone.com /public_html/java advanced_threads2.html
2002.08.02 19:05 A D:\web\java\advanced_threads3.html --> ftp.spiritone.com /public_html/java advanced_threads3.html
2002.08.02 19:05 A D:\web\java\advanced_threads4.html --> ftp.spiritone.com /public_html/java advanced_threads4.html
2002.08.02 19:05 A D:\web\java\advanced_threads5.html --> ftp.spiritone.com /public_html/java advanced_threads5.html
2002.08.02 19:05 A D:\web\java\advanced_threads6.html --> ftp.spiritone.com /public_html/java advanced_threads6.html
2002.08.02 19:05 A D:\web\java\advanced_trustedapplet.html --> ftp.spiritone.com /public_html/java advanced_trustedapplet.html
2002.08.02 19:05 A D:\web\java\applet_phonelist.html --> ftp.spiritone.com /public_html/java applet_phonelist.html
2002.08.02 19:06 A D:\web\java\basics_class.html --> ftp.spiritone.com /public_html/java basics_class.html
2002.08.02 19:06 A D:\web\java\basics_constructors.html --> ftp.spiritone.com /public_html/java basics_constructors.html
2002.08.02 19:06 A D:\web\java\basics_encapsulation.html --> ftp.spiritone.com /public_html/java basics_encapsulation.html
2002.08.02 19:06 A D:\web\java\basics_example.html --> ftp.spiritone.com /public_html/java basics_example.html
2002.08.02 19:06 A D:\web\java\basics_inheritance.html --> ftp.spiritone.com /public_html/java basics_inheritance.html
2002.08.02 19:06 A D:\web\java\basics_interface.html --> ftp.spiritone.com /public_html/java basics_interface.html
2002.08.02 19:06 A D:\web\java\basics_intro.html --> ftp.spiritone.com /public_html/java basics_intro.html
2002.08.02 19:06 A D:\web\java\basics_methods.html --> ftp.spiritone.com /public_html/java basics_methods.html
2002.08.02 19:06 A D:\web\java\basics_objectadvantages.html --> ftp.spiritone.com /public_html/java basics_objectadvantages.html
2002.08.02 19:06 A D:\web\java\basics_objects.html --> ftp.spiritone.com /public_html/java basics_objects.html
2002.08.02 19:06 A D:\web\java\basics_package.html --> ftp.spiritone.com /public_html/java basics_package.html
2002.08.02 19:06 A D:\web\java\basics_polymorphism.html --> ftp.spiritone.com /public_html/java basics_polymorphism.html
2002.08.02 19:06 A D:\web\java\basics_reference.html --> ftp.spiritone.com /public_html/java basics_reference.html
2002.08.02 19:06 A D:\web\java\basics_summary.html --> ftp.spiritone.com /public_html/java basics_summary.html
2002.08.02 19:06 A D:\web\java\basics_variables.html --> ftp.spiritone.com /public_html/java basics_variables.html
2002.08.02 19:07 A D:\web\java\contents.html --> ftp.spiritone.com /public_html/java contents.html
2002.08.02 19:07 A D:\web\java\gus.policy --> ftp.spiritone.com /public_html/java gus.policy
2002.08.02 19:07 A D:\web\java\GUSCERT.CER --> ftp.spiritone.com /public_html/java GUSCERT.CER
2002.08.02 19:07 A D:\web\java\my.phone --> ftp.spiritone.com /public_html/java my.phone
2002.08.02 19:07 B D:\web\java\GUSCERT.CER --> ftp.spiritone.com /public_html/java GUSCERT.CER
2002.08.02 19:08 A D:\web\java\programming_applets.html --> ftp.spiritone.com /public_html/java programming_applets.html
2002.08.02 19:08 A D:\web\java\programming_arithmetic.html --> ftp.spiritone.com /public_html/java programming_arithmetic.html
2002.08.02 19:08 A D:\web\java\programming_arrays.html --> ftp.spiritone.com /public_html/java programming_arrays.html
2002.08.02 19:08 A D:\web\java\programming_class.html --> ftp.spiritone.com /public_html/java programming_class.html
2002.08.02 19:08 A D:\web\java\programming_comparing.html --> ftp.spiritone.com /public_html/java programming_comparing.html
2002.08.02 19:08 A D:\web\java\programming_conditional.html --> ftp.spiritone.com /public_html/java programming_conditional.html
2002.08.02 19:08 A D:\web\java\programming_datatypes.html --> ftp.spiritone.com /public_html/java programming_datatypes.html
2002.08.02 19:08 A D:\web\java\programming_dates.html --> ftp.spiritone.com /public_html/java programming_dates.html
2002.08.02 19:08 A D:\web\java\programming_example.html --> ftp.spiritone.com /public_html/java programming_example.html
2002.08.02 19:08 A D:\web\java\programming_exceptions.html --> ftp.spiritone.com /public_html/java programming_exceptions.html
2002.08.02 19:08 A D:\web\java\programming_intro.html --> ftp.spiritone.com /public_html/java programming_intro.html
2002.08.02 19:08 A D:\web\java\programming_looping.html --> ftp.spiritone.com /public_html/java programming_looping.html
2002.08.02 19:08 A D:\web\java\programming_member.html --> ftp.spiritone.com /public_html/java programming_member.html
2002.08.02 19:08 A D:\web\java\programming_strings.html --> ftp.spiritone.com /public_html/java programming_strings.html
